<?xml version="1.0" encoding="UTF-8"?>
<!-- Generated by org.testng.reporters.JUnitXMLReporter -->
<testsuite hostname="konoks-MacBook-Pro.local" name="Default test" tests="4" failures="0" timestamp="24 Dec 2017 17:14:35 GMT" time="15.243" errors="0">
  <testcase name="WomenDressButton" time="1.09" classname="com.framework.automation.framework.homePage.HomePageDisplayVerification"/>
  <testcase name="verifyContactPageHomeLogo" time="0.631" classname="com.framework.automation.framework.homePage.HomePageDisplayVerification"/>
  <testcase name="verifyMyAccountIndexPage" time="1.639" classname="com.framework.automation.framework.homePage.HomePageDisplayVerification"/>
  <testcase name="verifyT_shirtResult" time="0.931" classname="com.framework.automation.framework.homePage.HomePageDisplayVerification"/>
</testsuite> <!-- Default test -->
