<?xml version="1.0" encoding="UTF-8"?>
<!-- Generated by org.testng.reporters.JUnitXMLReporter -->
<testsuite hostname="NYCMDLNMUHMAC.local" name="FirefoxTest" tests="2" failures="0" timestamp="28 May 2018 03:50:05 GMT" time="10.14" errors="0">
  <testcase name="VerifyProductring" time="1.576" classname="com.framework.automation.framework.homePage.CrossBrowserTestNew"/>
  <testcase name="verifyLoginWithInvalidCredentails" time="2.226" classname="com.framework.automation.framework.homePage.CrossBrowserTestNew"/>
</testsuite> <!-- FirefoxTest -->
