<?xml version="1.0" encoding="UTF-8"?>
<!-- Generated by org.testng.reporters.JUnitXMLReporter -->
<testsuite hostname="NYCMDLNMUHMAC.local" name="FirefoxTest" tests="2" failures="0" timestamp="8 Apr 2018 03:14:22 GMT" time="7.675" errors="0">
  <testcase name="VerifyProductring" time="1.169" classname="com.framework.automation.framework.homePage.CrossBrowserTestNew"/>
  <testcase name="verifyLoginWithInvalidCredentails" time="1.781" classname="com.framework.automation.framework.homePage.CrossBrowserTestNew"/>
</testsuite> <!-- FirefoxTest -->
