<?xml version="1.0" encoding="UTF-8"?>
<!-- Generated by org.testng.reporters.JUnitXMLReporter -->
<testsuite hostname="NYCMDLNMUHMAC.local" name="opera" tests="2" failures="0" timestamp="8 Apr 2018 03:10:26 GMT" time="0.027" errors="0">
  <testcase name="@BeforeClass beforeTest" time="0.0" classname="com.framework.automation.framework.homePage.CrossBrowserTestNew">
    <failure type="java.lang.NullPointerException">
      <![CDATA[java.lang.NullPointerException
	at com.framework.automation.framework.testBase.CrossBrowserTestBase.beforeTest(CrossBrowserTestBase.java:38)
	at java.util.concurrent.FutureTask.run(FutureTask.java:266)
	at java.util.concurrent.ThreadPoolExecutor.runWorker(ThreadPoolExecutor.java:1142)
	at java.util.concurrent.ThreadPoolExecutor$Worker.run(ThreadPoolExecutor.java:617)
	at java.lang.Thread.run(Thread.java:745)
... Removed 16 stack frames]]>
    </failure>
  </testcase> <!-- @BeforeClass beforeTest -->
  <testcase name="@AfterClass afterTest" time="0.0" classname="com.framework.automation.framework.homePage.CrossBrowserTestNew">
    <skipped/>
  </testcase> <!-- @AfterClass afterTest -->
  <testcase name="VerifyProductring" time="0.001" classname="com.framework.automation.framework.homePage.CrossBrowserTestNew">
    <skipped/>
  </testcase> <!-- VerifyProductring -->
  <testcase name="verifyLoginWithInvalidCredentails" time="0.0" classname="com.framework.automation.framework.homePage.CrossBrowserTestNew">
    <skipped/>
  </testcase> <!-- verifyLoginWithInvalidCredentails -->
</testsuite> <!-- opera -->
