<?xml version="1.0" encoding="UTF-8"?>
<!-- Generated by org.testng.reporters.JUnitXMLReporter -->
<testsuite hostname="NYCMDLNMUHMAC.local" name="Test2" tests="7" failures="0" timestamp="7 Apr 2018 03:40:38 GMT" time="0.408" errors="0">
  <testcase name="@BeforeTest setup" time="0.0" classname="com.framework.automation.framework.homePage.VerifyloginWithValidCredentails">
    <failure type="java.lang.Error" message="Unresolved compilation problem: 
	The method init() is undefined for the type VerifyloginWithValidCredentails
">
      <![CDATA[java.lang.Error: Unresolved compilation problem: 
	The method init() is undefined for the type VerifyloginWithValidCredentails

	at com.framework.automation.framework.homePage.VerifyloginWithValidCredentails.setup(VerifyloginWithValidCredentails.java:29)
	at java.util.concurrent.FutureTask.run(FutureTask.java:266)
	at java.util.concurrent.ThreadPoolExecutor.runWorker(ThreadPoolExecutor.java:1142)
	at java.util.concurrent.ThreadPoolExecutor$Worker.run(ThreadPoolExecutor.java:617)
	at java.lang.Thread.run(Thread.java:745)
... Removed 14 stack frames]]>
    </failure>
  </testcase> <!-- @BeforeTest setup -->
  <testcase name="@AfterTest end" time="0.0" classname="com.framework.automation.framework.homePage.VerifyloginWithValidCredentails">
    <skipped/>
  </testcase> <!-- @AfterTest end -->
  <testcase name="validEmailforCreateAccount" time="0.003" classname="com.framework.automation.framework.homePage.VerifyloginWithValidCredentails">
    <skipped/>
  </testcase> <!-- validEmailforCreateAccount -->
  <testcase name="verifyLoginWithValidCredentails" time="0.001" classname="com.framework.automation.framework.homePage.VerifyloginWithValidCredentails">
    <skipped/>
  </testcase> <!-- verifyLoginWithValidCredentails -->
  <testcase name="verifyLoginWithValidCredentails" time="0.001" classname="com.framework.automation.framework.homePage.VerifyloginWithValidCredentails">
    <skipped/>
  </testcase> <!-- verifyLoginWithValidCredentails -->
  <testcase name="verifyLoginWithValidCredentails" time="0.001" classname="com.framework.automation.framework.homePage.VerifyloginWithValidCredentails">
    <skipped/>
  </testcase> <!-- verifyLoginWithValidCredentails -->
  <testcase name="verifyLoginWithValidCredentails" time="0.0" classname="com.framework.automation.framework.homePage.VerifyloginWithValidCredentails">
    <skipped/>
  </testcase> <!-- verifyLoginWithValidCredentails -->
  <testcase name="verifyLoginWithValidCredentails" time="0.001" classname="com.framework.automation.framework.homePage.VerifyloginWithValidCredentails">
    <skipped/>
  </testcase> <!-- verifyLoginWithValidCredentails -->
  <testcase name="vrifiedHomePageshoppingChartButtonDisplayed" time="0.001" classname="com.framework.automation.framework.homePage.VerifyloginWithValidCredentails">
    <skipped/>
  </testcase> <!-- vrifiedHomePageshoppingChartButtonDisplayed -->
</testsuite> <!-- Test2 -->
