<?xml version="1.0" encoding="UTF-8"?>
<!-- Generated by org.testng.reporters.JUnitXMLReporter -->
<testsuite hostname="NYCMDLNMUHMAC.local" name="verifyLoginWithValidCredentails" tests="19" failures="3" timestamp="28 May 2018 03:51:03 GMT" time="43.883" errors="0">
  <testcase name="validEmailforCreateAccount" time="1.229" classname="com.framework.automation.framework.homePage.VerifyloginWithValidCredentails">
    <skipped/>
  </testcase> <!-- validEmailforCreateAccount -->
  <testcase name="validEmailforCreateAccount" time="1.095" classname="com.framework.automation.framework.homePage.VerifyloginWithValidCredentails">
    <skipped/>
  </testcase> <!-- validEmailforCreateAccount -->
  <testcase name="validEmailforCreateAccount" time="1.194" classname="com.framework.automation.framework.homePage.VerifyloginWithValidCredentails">
    <skipped/>
  </testcase> <!-- validEmailforCreateAccount -->
  <testcase name="validEmailforCreateAccount" time="1.084" classname="com.framework.automation.framework.homePage.VerifyloginWithValidCredentails">
    <failure type="org.openqa.selenium.WebDriverException" message="unknown error: call function result missing &amp;apos;value&amp;apos;
  (Session info: chrome=66.0.3359.181)
  (Driver info: chromedriver=2.32.498537 (cb2f855cbc7b82e20387eaf9a43f6b99b6105061),platform=Mac OS X 10.11.4 x86_64) (WARNING: The server did not provide any stacktrace information)
Command duration or timeout: 0 milliseconds
Build info: version: &amp;apos;3.6.0&amp;apos;, revision: &amp;apos;6fbf3ec767&amp;apos;, time: &amp;apos;2017-09-27T15:28:36.4Z&amp;apos;
System info: host: &amp;apos;NYCMDLNMUHMAC.local&amp;apos;, ip: &amp;apos;fe80:0:0:0:a299:9bff:fe1a:6ff5%en0&amp;apos;, os.name: &amp;apos;Mac OS X&amp;apos;, os.arch: &amp;apos;x86_64&amp;apos;, os.version: &amp;apos;10.11.4&amp;apos;, java.version: &amp;apos;1.8.0_171&amp;apos;
Driver info: org.openqa.selenium.remote.RemoteWebDriver
Capabilities [{mobileEmulationEnabled=false, hasTouchScreen=false, platform=MAC, acceptSslCerts=true, webStorageEnabled=true, browserName=chrome, takesScreenshot=true, javascriptEnabled=true, platformName=MAC, setWindowRect=true, unexpectedAlertBehaviour=, applicationCacheEnabled=false, rotatable=false, networkConnectionEnabled=false, chrome={chromedriverVersion=2.32.498537 (cb2f855cbc7b82e20387eaf9a43f6b99b6105061), userDataDir=/var/folders/xc/6sf0jwrj1kld9nykm9hs0zpm1hp1_p/T/.org.chromium.Chromium.YFIy6F}, takesHeapSnapshot=true, pageLoadStrategy=normal, unhandledPromptBehavior=, databaseEnabled=false, handlesAlerts=true, version=66.0.3359.181, browserConnectionEnabled=false, nativeEvents=true, locationContextEnabled=true, cssSelectorsEnabled=true}]
Session ID: e164bb4544834aceef08388623d62e4e">
      <![CDATA[org.openqa.selenium.WebDriverException: unknown error: call function result missing 'value'
  (Session info: chrome=66.0.3359.181)
  (Driver info: chromedriver=2.32.498537 (cb2f855cbc7b82e20387eaf9a43f6b99b6105061),platform=Mac OS X 10.11.4 x86_64) (WARNING: The server did not provide any stacktrace information)
Command duration or timeout: 0 milliseconds
Build info: version: '3.6.0', revision: '6fbf3ec767', time: '2017-09-27T15:28:36.4Z'
System info: host: 'NYCMDLNMUHMAC.local', ip: 'fe80:0:0:0:a299:9bff:fe1a:6ff5%en0', os.name: 'Mac OS X', os.arch: 'x86_64', os.version: '10.11.4', java.version: '1.8.0_171'
Driver info: org.openqa.selenium.remote.RemoteWebDriver
Capabilities [{mobileEmulationEnabled=false, hasTouchScreen=false, platform=MAC, acceptSslCerts=true, webStorageEnabled=true, browserName=chrome, takesScreenshot=true, javascriptEnabled=true, platformName=MAC, setWindowRect=true, unexpectedAlertBehaviour=, applicationCacheEnabled=false, rotatable=false, networkConnectionEnabled=false, chrome={chromedriverVersion=2.32.498537 (cb2f855cbc7b82e20387eaf9a43f6b99b6105061), userDataDir=/var/folders/xc/6sf0jwrj1kld9nykm9hs0zpm1hp1_p/T/.org.chromium.Chromium.YFIy6F}, takesHeapSnapshot=true, pageLoadStrategy=normal, unhandledPromptBehavior=, databaseEnabled=false, handlesAlerts=true, version=66.0.3359.181, browserConnectionEnabled=false, nativeEvents=true, locationContextEnabled=true, cssSelectorsEnabled=true}]
Session ID: e164bb4544834aceef08388623d62e4e
	at org.openqa.selenium.remote.ErrorHandler.createThrowable(ErrorHandler.java:214)
	at org.openqa.selenium.remote.ErrorHandler.throwIfResponseFailed(ErrorHandler.java:166)
	at org.openqa.selenium.remote.http.JsonHttpResponseCodec.reconstructValue(JsonHttpResponseCodec.java:40)
	at org.openqa.selenium.remote.http.AbstractHttpResponseCodec.decode(AbstractHttpResponseCodec.java:82)
	at org.openqa.selenium.remote.http.AbstractHttpResponseCodec.decode(AbstractHttpResponseCodec.java:45)
	at org.openqa.selenium.remote.HttpCommandExecutor.execute(HttpCommandExecutor.java:164)
	at org.openqa.selenium.remote.RemoteWebDriver.execute(RemoteWebDriver.java:586)
	at org.openqa.selenium.remote.RemoteWebElement.execute(RemoteWebElement.java:279)
	at org.openqa.selenium.remote.RemoteWebElement.sendKeys(RemoteWebElement.java:100)
	at org.openqa.selenium.support.pagefactory.internal.LocatingElementHandler.invoke(LocatingElementHandler.java:51)
	at com.sun.proxy.$Proxy10.sendKeys(Unknown Source)
	at com.framework.automation.framework.applicationAction.HomePage.correctCreateAccount(HomePage.java:211)
	at com.framework.automation.framework.homePage.VerifyloginWithValidCredentails.validEmailforCreateAccount(VerifyloginWithValidCredentails.java:53)
	at java.util.concurrent.FutureTask.run(FutureTask.java:266)
	at java.util.concurrent.ThreadPoolExecutor.runWorker(ThreadPoolExecutor.java:1149)
	at java.util.concurrent.ThreadPoolExecutor$Worker.run(ThreadPoolExecutor.java:624)
	at java.lang.Thread.run(Thread.java:748)
... Removed 24 stack frames]]>
    </failure>
  </testcase> <!-- validEmailforCreateAccount -->
  <testcase name="verifyLoginWithValidCredentails" time="1.094" classname="com.framework.automation.framework.homePage.VerifyloginWithValidCredentails">
    <skipped/>
  </testcase> <!-- verifyLoginWithValidCredentails -->
  <testcase name="verifyLoginWithValidCredentails" time="1.015" classname="com.framework.automation.framework.homePage.VerifyloginWithValidCredentails">
    <skipped/>
  </testcase> <!-- verifyLoginWithValidCredentails -->
  <testcase name="verifyLoginWithValidCredentails" time="1.159" classname="com.framework.automation.framework.homePage.VerifyloginWithValidCredentails">
    <skipped/>
  </testcase> <!-- verifyLoginWithValidCredentails -->
  <testcase name="verifyLoginWithValidCredentails" time="6.149" classname="com.framework.automation.framework.homePage.VerifyloginWithValidCredentails">
    <failure type="org.openqa.selenium.WebDriverException" message="unknown error: call function result missing &amp;apos;value&amp;apos;
  (Session info: chrome=66.0.3359.181)
  (Driver info: chromedriver=2.32.498537 (cb2f855cbc7b82e20387eaf9a43f6b99b6105061),platform=Mac OS X 10.11.4 x86_64) (WARNING: The server did not provide any stacktrace information)
Command duration or timeout: 0 milliseconds
Build info: version: &amp;apos;3.6.0&amp;apos;, revision: &amp;apos;6fbf3ec767&amp;apos;, time: &amp;apos;2017-09-27T15:28:36.4Z&amp;apos;
System info: host: &amp;apos;NYCMDLNMUHMAC.local&amp;apos;, ip: &amp;apos;fe80:0:0:0:a299:9bff:fe1a:6ff5%en0&amp;apos;, os.name: &amp;apos;Mac OS X&amp;apos;, os.arch: &amp;apos;x86_64&amp;apos;, os.version: &amp;apos;10.11.4&amp;apos;, java.version: &amp;apos;1.8.0_171&amp;apos;
Driver info: org.openqa.selenium.remote.RemoteWebDriver
Capabilities [{mobileEmulationEnabled=false, hasTouchScreen=false, platform=MAC, acceptSslCerts=true, webStorageEnabled=true, browserName=chrome, takesScreenshot=true, javascriptEnabled=true, platformName=MAC, setWindowRect=true, unexpectedAlertBehaviour=, applicationCacheEnabled=false, rotatable=false, networkConnectionEnabled=false, chrome={chromedriverVersion=2.32.498537 (cb2f855cbc7b82e20387eaf9a43f6b99b6105061), userDataDir=/var/folders/xc/6sf0jwrj1kld9nykm9hs0zpm1hp1_p/T/.org.chromium.Chromium.YFIy6F}, takesHeapSnapshot=true, pageLoadStrategy=normal, unhandledPromptBehavior=, databaseEnabled=false, handlesAlerts=true, version=66.0.3359.181, browserConnectionEnabled=false, nativeEvents=true, locationContextEnabled=true, cssSelectorsEnabled=true}]
Session ID: e164bb4544834aceef08388623d62e4e">
      <![CDATA[org.openqa.selenium.WebDriverException: unknown error: call function result missing 'value'
  (Session info: chrome=66.0.3359.181)
  (Driver info: chromedriver=2.32.498537 (cb2f855cbc7b82e20387eaf9a43f6b99b6105061),platform=Mac OS X 10.11.4 x86_64) (WARNING: The server did not provide any stacktrace information)
Command duration or timeout: 0 milliseconds
Build info: version: '3.6.0', revision: '6fbf3ec767', time: '2017-09-27T15:28:36.4Z'
System info: host: 'NYCMDLNMUHMAC.local', ip: 'fe80:0:0:0:a299:9bff:fe1a:6ff5%en0', os.name: 'Mac OS X', os.arch: 'x86_64', os.version: '10.11.4', java.version: '1.8.0_171'
Driver info: org.openqa.selenium.remote.RemoteWebDriver
Capabilities [{mobileEmulationEnabled=false, hasTouchScreen=false, platform=MAC, acceptSslCerts=true, webStorageEnabled=true, browserName=chrome, takesScreenshot=true, javascriptEnabled=true, platformName=MAC, setWindowRect=true, unexpectedAlertBehaviour=, applicationCacheEnabled=false, rotatable=false, networkConnectionEnabled=false, chrome={chromedriverVersion=2.32.498537 (cb2f855cbc7b82e20387eaf9a43f6b99b6105061), userDataDir=/var/folders/xc/6sf0jwrj1kld9nykm9hs0zpm1hp1_p/T/.org.chromium.Chromium.YFIy6F}, takesHeapSnapshot=true, pageLoadStrategy=normal, unhandledPromptBehavior=, databaseEnabled=false, handlesAlerts=true, version=66.0.3359.181, browserConnectionEnabled=false, nativeEvents=true, locationContextEnabled=true, cssSelectorsEnabled=true}]
Session ID: e164bb4544834aceef08388623d62e4e
	at org.openqa.selenium.remote.ErrorHandler.createThrowable(ErrorHandler.java:214)
	at org.openqa.selenium.remote.ErrorHandler.throwIfResponseFailed(ErrorHandler.java:166)
	at org.openqa.selenium.remote.http.JsonHttpResponseCodec.reconstructValue(JsonHttpResponseCodec.java:40)
	at org.openqa.selenium.remote.http.AbstractHttpResponseCodec.decode(AbstractHttpResponseCodec.java:82)
	at org.openqa.selenium.remote.http.AbstractHttpResponseCodec.decode(AbstractHttpResponseCodec.java:45)
	at org.openqa.selenium.remote.HttpCommandExecutor.execute(HttpCommandExecutor.java:164)
	at org.openqa.selenium.remote.RemoteWebDriver.execute(RemoteWebDriver.java:586)
	at org.openqa.selenium.remote.RemoteWebElement.execute(RemoteWebElement.java:279)
	at org.openqa.selenium.remote.RemoteWebElement.sendKeys(RemoteWebElement.java:100)
	at org.openqa.selenium.support.pagefactory.internal.LocatingElementHandler.invoke(LocatingElementHandler.java:51)
	at com.sun.proxy.$Proxy10.sendKeys(Unknown Source)
	at com.framework.automation.framework.applicationAction.HomePage.logInToApplication(HomePage.java:200)
	at com.framework.automation.framework.homePage.VerifyloginWithValidCredentails.verifyLoginWithValidCredentails(VerifyloginWithValidCredentails.java:36)
	at java.util.concurrent.FutureTask.run(FutureTask.java:266)
	at java.util.concurrent.ThreadPoolExecutor.runWorker(ThreadPoolExecutor.java:1149)
	at java.util.concurrent.ThreadPoolExecutor$Worker.run(ThreadPoolExecutor.java:624)
	at java.lang.Thread.run(Thread.java:748)
... Removed 24 stack frames]]>
    </failure>
  </testcase> <!-- verifyLoginWithValidCredentails -->
  <testcase name="verifyLoginWithValidCredentails" time="6.352" classname="com.framework.automation.framework.homePage.VerifyloginWithValidCredentails">
    <skipped/>
  </testcase> <!-- verifyLoginWithValidCredentails -->
  <testcase name="verifyLoginWithValidCredentails" time="6.057" classname="com.framework.automation.framework.homePage.VerifyloginWithValidCredentails">
    <skipped/>
  </testcase> <!-- verifyLoginWithValidCredentails -->
  <testcase name="verifyLoginWithValidCredentails" time="6.196" classname="com.framework.automation.framework.homePage.VerifyloginWithValidCredentails">
    <skipped/>
  </testcase> <!-- verifyLoginWithValidCredentails -->
  <testcase name="verifyLoginWithValidCredentails" time="6.072" classname="com.framework.automation.framework.homePage.VerifyloginWithValidCredentails">
    <failure type="org.openqa.selenium.WebDriverException" message="unknown error: call function result missing &amp;apos;value&amp;apos;
  (Session info: chrome=66.0.3359.181)
  (Driver info: chromedriver=2.32.498537 (cb2f855cbc7b82e20387eaf9a43f6b99b6105061),platform=Mac OS X 10.11.4 x86_64) (WARNING: The server did not provide any stacktrace information)
Command duration or timeout: 0 milliseconds
Build info: version: &amp;apos;3.6.0&amp;apos;, revision: &amp;apos;6fbf3ec767&amp;apos;, time: &amp;apos;2017-09-27T15:28:36.4Z&amp;apos;
System info: host: &amp;apos;NYCMDLNMUHMAC.local&amp;apos;, ip: &amp;apos;fe80:0:0:0:a299:9bff:fe1a:6ff5%en0&amp;apos;, os.name: &amp;apos;Mac OS X&amp;apos;, os.arch: &amp;apos;x86_64&amp;apos;, os.version: &amp;apos;10.11.4&amp;apos;, java.version: &amp;apos;1.8.0_171&amp;apos;
Driver info: org.openqa.selenium.remote.RemoteWebDriver
Capabilities [{mobileEmulationEnabled=false, hasTouchScreen=false, platform=MAC, acceptSslCerts=true, webStorageEnabled=true, browserName=chrome, takesScreenshot=true, javascriptEnabled=true, platformName=MAC, setWindowRect=true, unexpectedAlertBehaviour=, applicationCacheEnabled=false, rotatable=false, networkConnectionEnabled=false, chrome={chromedriverVersion=2.32.498537 (cb2f855cbc7b82e20387eaf9a43f6b99b6105061), userDataDir=/var/folders/xc/6sf0jwrj1kld9nykm9hs0zpm1hp1_p/T/.org.chromium.Chromium.YFIy6F}, takesHeapSnapshot=true, pageLoadStrategy=normal, unhandledPromptBehavior=, databaseEnabled=false, handlesAlerts=true, version=66.0.3359.181, browserConnectionEnabled=false, nativeEvents=true, locationContextEnabled=true, cssSelectorsEnabled=true}]
Session ID: e164bb4544834aceef08388623d62e4e">
      <![CDATA[org.openqa.selenium.WebDriverException: unknown error: call function result missing 'value'
  (Session info: chrome=66.0.3359.181)
  (Driver info: chromedriver=2.32.498537 (cb2f855cbc7b82e20387eaf9a43f6b99b6105061),platform=Mac OS X 10.11.4 x86_64) (WARNING: The server did not provide any stacktrace information)
Command duration or timeout: 0 milliseconds
Build info: version: '3.6.0', revision: '6fbf3ec767', time: '2017-09-27T15:28:36.4Z'
System info: host: 'NYCMDLNMUHMAC.local', ip: 'fe80:0:0:0:a299:9bff:fe1a:6ff5%en0', os.name: 'Mac OS X', os.arch: 'x86_64', os.version: '10.11.4', java.version: '1.8.0_171'
Driver info: org.openqa.selenium.remote.RemoteWebDriver
Capabilities [{mobileEmulationEnabled=false, hasTouchScreen=false, platform=MAC, acceptSslCerts=true, webStorageEnabled=true, browserName=chrome, takesScreenshot=true, javascriptEnabled=true, platformName=MAC, setWindowRect=true, unexpectedAlertBehaviour=, applicationCacheEnabled=false, rotatable=false, networkConnectionEnabled=false, chrome={chromedriverVersion=2.32.498537 (cb2f855cbc7b82e20387eaf9a43f6b99b6105061), userDataDir=/var/folders/xc/6sf0jwrj1kld9nykm9hs0zpm1hp1_p/T/.org.chromium.Chromium.YFIy6F}, takesHeapSnapshot=true, pageLoadStrategy=normal, unhandledPromptBehavior=, databaseEnabled=false, handlesAlerts=true, version=66.0.3359.181, browserConnectionEnabled=false, nativeEvents=true, locationContextEnabled=true, cssSelectorsEnabled=true}]
Session ID: e164bb4544834aceef08388623d62e4e
	at org.openqa.selenium.remote.ErrorHandler.createThrowable(ErrorHandler.java:214)
	at org.openqa.selenium.remote.ErrorHandler.throwIfResponseFailed(ErrorHandler.java:166)
	at org.openqa.selenium.remote.http.JsonHttpResponseCodec.reconstructValue(JsonHttpResponseCodec.java:40)
	at org.openqa.selenium.remote.http.AbstractHttpResponseCodec.decode(AbstractHttpResponseCodec.java:82)
	at org.openqa.selenium.remote.http.AbstractHttpResponseCodec.decode(AbstractHttpResponseCodec.java:45)
	at org.openqa.selenium.remote.HttpCommandExecutor.execute(HttpCommandExecutor.java:164)
	at org.openqa.selenium.remote.RemoteWebDriver.execute(RemoteWebDriver.java:586)
	at org.openqa.selenium.remote.RemoteWebElement.execute(RemoteWebElement.java:279)
	at org.openqa.selenium.remote.RemoteWebElement.sendKeys(RemoteWebElement.java:100)
	at org.openqa.selenium.support.pagefactory.internal.LocatingElementHandler.invoke(LocatingElementHandler.java:51)
	at com.sun.proxy.$Proxy10.sendKeys(Unknown Source)
	at com.framework.automation.framework.applicationAction.HomePage.logInToApplication(HomePage.java:200)
	at com.framework.automation.framework.homePage.VerifyloginWithValidCredentails.verifyLoginWithValidCredentails(VerifyloginWithValidCredentails.java:66)
	at java.util.concurrent.FutureTask.run(FutureTask.java:266)
	at java.util.concurrent.ThreadPoolExecutor.runWorker(ThreadPoolExecutor.java:1149)
	at java.util.concurrent.ThreadPoolExecutor$Worker.run(ThreadPoolExecutor.java:624)
	at java.lang.Thread.run(Thread.java:748)
... Removed 22 stack frames]]>
    </failure>
  </testcase> <!-- verifyLoginWithValidCredentails -->
  <testcase name="verifyLoginWithValidCredentails" time="0.001" classname="com.framework.automation.framework.homePage.VerifyloginWithValidCredentails">
    <skipped/>
  </testcase> <!-- verifyLoginWithValidCredentails -->
  <testcase name="verifyLoginWithValidCredentails" time="0.0" classname="com.framework.automation.framework.homePage.VerifyloginWithValidCredentails">
    <skipped/>
  </testcase> <!-- verifyLoginWithValidCredentails -->
  <testcase name="verifyLoginWithValidCredentails" time="0.0" classname="com.framework.automation.framework.homePage.VerifyloginWithValidCredentails">
    <skipped/>
  </testcase> <!-- verifyLoginWithValidCredentails -->
  <testcase name="verifyLoginWithValidCredentails" time="0.001" classname="com.framework.automation.framework.homePage.VerifyloginWithValidCredentails">
    <skipped/>
  </testcase> <!-- verifyLoginWithValidCredentails -->
  <testcase name="verifyLoginWithValidCredentails" time="0.001" classname="com.framework.automation.framework.homePage.VerifyloginWithValidCredentails">
    <skipped/>
  </testcase> <!-- verifyLoginWithValidCredentails -->
  <testcase name="verifyLoginWithValidCredentails" time="0.0" classname="com.framework.automation.framework.homePage.VerifyloginWithValidCredentails">
    <skipped/>
  </testcase> <!-- verifyLoginWithValidCredentails -->
  <testcase name="vrifiedHomePageshoppingChartButtonDisplayed" time="0.041" classname="com.framework.automation.framework.homePage.VerifyloginWithValidCredentails"/>
</testsuite> <!-- verifyLoginWithValidCredentails -->
