<?xml version="1.0" encoding="UTF-8"?>
<testng-results skipped="0" failed="0" total="1" passed="1">
  <reporter-output>
  </reporter-output>
  <suite name="Default suite" duration-ms="2927" started-at="2017-12-31T17:05:07Z" finished-at="2017-12-31T17:05:10Z">
    <groups>
    </groups>
    <test name="Default test" duration-ms="2927" started-at="2017-12-31T17:05:07Z" finished-at="2017-12-31T17:05:10Z">
      <class name="com.framework.automation.framework.homePage.HomePageDisplayVerification">
        <test-method status="PASS" signature="setup()[pri:0, instance:com.framework.automation.framework.homePage.HomePageDisplayVerification@6d4b1c02]" name="setup" is-config="true" duration-ms="2740" started-at="2017-12-31T12:05:07Z" finished-at="2017-12-31T12:05:10Z">
          <reporter-output>
          </reporter-output>
        </test-method> <!-- setup -->
        <test-method status="PASS" signature="homepagetwitterlink()[pri:0, instance:com.framework.automation.framework.homePage.HomePageDisplayVerification@6d4b1c02]" name="homepagetwitterlink" duration-ms="62" started-at="2017-12-31T12:05:10Z" finished-at="2017-12-31T12:05:10Z">
          <reporter-output>
          </reporter-output>
        </test-method> <!-- homepagetwitterlink -->
        <test-method status="PASS" signature="end()[pri:0, instance:com.framework.automation.framework.homePage.HomePageDisplayVerification@6d4b1c02]" name="end" is-config="true" duration-ms="109" started-at="2017-12-31T12:05:10Z" finished-at="2017-12-31T12:05:10Z">
          <reporter-output>
          </reporter-output>
        </test-method> <!-- end -->
      </class> <!-- com.framework.automation.framework.homePage.HomePageDisplayVerification -->
    </test> <!-- Default test -->
  </suite> <!-- Default suite -->
</testng-results>
